[2024-04-16T20:09:39.640975+00:00] installer.INFO: Matched route "{route}". {"route":"installer_home","route_parameters":{"_controller":"OrangeHRM\\Installer\\Controller\\HomeController::handle","_route":"installer_home"},"request_uri":"http://localhost/installer/index.php/","method":"GET"} []
[2024-04-16T20:09:49.704200+00:00] installer.INFO: Matched route "{route}". {"route":"installer_home","route_parameters":{"_controller":"OrangeHRM\\Installer\\Controller\\HomeController::handle","_route":"installer_home"},"request_uri":"http://localhost/installer/index.php/","method":"GET"} []
[2024-04-16T20:09:51.593346+00:00] installer.INFO: Matched route "{route}". {"route":"installer_welcome","route_parameters":{"_controller":"OrangeHRM\\Installer\\Controller\\WelcomeController::handle","_route":"installer_welcome"},"request_uri":"http://localhost/installer/index.php/welcome","method":"GET"} []
[2024-04-16T20:10:05.983037+00:00] installer.INFO: Matched route "{route}". {"route":"installer_welcome","route_parameters":{"_controller":"OrangeHRM\\Installer\\Controller\\WelcomeController::handle","_route":"installer_welcome"},"request_uri":"http://localhost/installer/index.php/welcome","method":"GET"} []
[2024-04-16T20:11:36.978850+00:00] installer.INFO: Matched route "{route}". {"route":"installer_licence_acceptance","route_parameters":{"_controller":"OrangeHRM\\Installer\\Controller\\Installer\\LicenceAcceptanceController::handle","_route":"installer_licence_acceptance"},"request_uri":"http://localhost/installer/index.php/installer/licence-acceptance","method":"GET"} []
[2024-04-16T20:12:26.967492+00:00] installer.INFO: Matched route "{route}". {"route":"installer_database_config","route_parameters":{"_controller":"OrangeHRM\\Installer\\Controller\\Installer\\DatabaseConfigController::handle","_route":"installer_database_config"},"request_uri":"http://localhost/installer/index.php/installer/database-config","method":"GET"} []
[2024-04-16T20:12:42.041530+00:00] installer.INFO: Matched route "{route}". {"route":"api_installer_database_config","route_parameters":{"_controller":"OrangeHRM\\Installer\\Controller\\Installer\\Api\\DatabaseConfigAPI::handle","_route":"api_installer_database_config"},"request_uri":"http://localhost/installer/index.php/installer/api/database-config","method":"GET"} []
[2024-04-16T20:13:59.868453+00:00] installer.INFO: Matched route "{route}". {"route":"api_installer_database_config","route_parameters":{"_controller":"OrangeHRM\\Installer\\Controller\\Installer\\Api\\DatabaseConfigAPI::handle","_route":"api_installer_database_config"},"request_uri":"http://localhost/installer/index.php/installer/api/database-config","method":"POST"} []
[2024-04-16T20:23:15.072201+00:00] installer.INFO: Matched route "{route}". {"route":"installer_home","route_parameters":{"_controller":"OrangeHRM\\Installer\\Controller\\HomeController::handle","_route":"installer_home"},"request_uri":"http://localhost/installer/index.php/","method":"GET"} []
[2024-04-17T16:09:31.869641+00:00] installer.INFO: Matched route "{route}". {"route":"installer_database_config","route_parameters":{"_controller":"OrangeHRM\\Installer\\Controller\\Installer\\DatabaseConfigController::handle","_route":"installer_database_config"},"request_uri":"http://localhost/installer/index.php/installer/database-config","method":"GET"} []
[2024-04-17T16:10:01.684816+00:00] installer.INFO: Matched route "{route}". {"route":"api_installer_database_config","route_parameters":{"_controller":"OrangeHRM\\Installer\\Controller\\Installer\\Api\\DatabaseConfigAPI::handle","_route":"api_installer_database_config"},"request_uri":"http://localhost/installer/index.php/installer/api/database-config","method":"GET"} []
[2024-04-17T16:30:42.875849+00:00] installer.INFO: Matched route "{route}". {"route":"installer_home","route_parameters":{"_controller":"OrangeHRM\\Installer\\Controller\\HomeController::handle","_route":"installer_home"},"request_uri":"http://localhost/installer/index.php/","method":"GET"} []
[2024-04-17T16:30:53.065030+00:00] installer.INFO: Matched route "{route}". {"route":"installer_welcome","route_parameters":{"_controller":"OrangeHRM\\Installer\\Controller\\WelcomeController::handle","_route":"installer_welcome"},"request_uri":"http://localhost/installer/index.php/welcome","method":"GET"} []
[2024-04-17T16:32:37.296551+00:00] installer.INFO: Matched route "{route}". {"route":"installer_licence_acceptance","route_parameters":{"_controller":"OrangeHRM\\Installer\\Controller\\Installer\\LicenceAcceptanceController::handle","_route":"installer_licence_acceptance"},"request_uri":"http://localhost/installer/index.php/installer/licence-acceptance","method":"GET"} []
[2024-04-17T16:33:12.860627+00:00] installer.INFO: Matched route "{route}". {"route":"installer_database_config","route_parameters":{"_controller":"OrangeHRM\\Installer\\Controller\\Installer\\DatabaseConfigController::handle","_route":"installer_database_config"},"request_uri":"http://localhost/installer/index.php/installer/database-config","method":"GET"} []
[2024-04-17T16:33:26.851644+00:00] installer.INFO: Matched route "{route}". {"route":"api_installer_database_config","route_parameters":{"_controller":"OrangeHRM\\Installer\\Controller\\Installer\\Api\\DatabaseConfigAPI::handle","_route":"api_installer_database_config"},"request_uri":"http://localhost/installer/index.php/installer/api/database-config","method":"GET"} []
[2024-04-17T16:35:34.739923+00:00] installer.INFO: Matched route "{route}". {"route":"api_installer_database_config","route_parameters":{"_controller":"OrangeHRM\\Installer\\Controller\\Installer\\Api\\DatabaseConfigAPI::handle","_route":"api_installer_database_config"},"request_uri":"http://localhost/installer/index.php/installer/api/database-config","method":"POST"} []
[2024-04-17T18:09:41.287856+00:00] installer.INFO: Matched route "{route}". {"route":"installer_database_config","route_parameters":{"_controller":"OrangeHRM\\Installer\\Controller\\Installer\\DatabaseConfigController::handle","_route":"installer_database_config"},"request_uri":"http://localhost/installer/index.php/installer/database-config","method":"GET"} []
[2024-04-17T18:09:46.926970+00:00] installer.INFO: Matched route "{route}". {"route":"api_installer_database_config","route_parameters":{"_controller":"OrangeHRM\\Installer\\Controller\\Installer\\Api\\DatabaseConfigAPI::handle","_route":"api_installer_database_config"},"request_uri":"http://localhost/installer/index.php/installer/api/database-config","method":"GET"} []
[2024-04-17T18:10:19.456827+00:00] installer.INFO: Matched route "{route}". {"route":"api_installer_database_config","route_parameters":{"_controller":"OrangeHRM\\Installer\\Controller\\Installer\\Api\\DatabaseConfigAPI::handle","_route":"api_installer_database_config"},"request_uri":"http://localhost/installer/index.php/installer/api/database-config","method":"POST"} []
[2024-04-17T18:10:42.871134+00:00] installer.INFO: Matched route "{route}". {"route":"api_installer_database_config","route_parameters":{"_controller":"OrangeHRM\\Installer\\Controller\\Installer\\Api\\DatabaseConfigAPI::handle","_route":"api_installer_database_config"},"request_uri":"http://localhost/installer/index.php/installer/api/database-config","method":"POST"} []
[2024-04-17T18:10:47.300226+00:00] installer.INFO: Matched route "{route}". {"route":"installer_system_check","route_parameters":{"_controller":"OrangeHRM\\Installer\\Controller\\Installer\\SystemCheckController::handle","_route":"installer_system_check"},"request_uri":"http://localhost/installer/index.php/installer/system-check","method":"GET"} []
[2024-04-17T18:10:53.609823+00:00] installer.INFO: Matched route "{route}". {"route":"api_installer_system_check","route_parameters":{"_controller":"OrangeHRM\\Installer\\Controller\\Installer\\Api\\SystemCheckAPI::handle","_route":"api_installer_system_check"},"request_uri":"http://localhost/installer/index.php/installer/api/system-check","method":"GET"} []
[2024-04-17T21:32:07.562897+00:00] installer.INFO: Matched route "{route}". {"route":"installer_home","route_parameters":{"_controller":"OrangeHRM\\Installer\\Controller\\HomeController::handle","_route":"installer_home"},"request_uri":"http://localhost/installer/index.php/","method":"GET"} []
[2024-04-17T21:32:13.558139+00:00] installer.INFO: Matched route "{route}". {"route":"installer_welcome","route_parameters":{"_controller":"OrangeHRM\\Installer\\Controller\\WelcomeController::handle","_route":"installer_welcome"},"request_uri":"http://localhost/installer/index.php/welcome","method":"GET"} []
[2024-04-17T21:32:22.960859+00:00] installer.INFO: Matched route "{route}". {"route":"installer_home","route_parameters":{"_controller":"OrangeHRM\\Installer\\Controller\\HomeController::handle","_route":"installer_home"},"request_uri":"http://localhost/installer/index.php/","method":"GET"} []
[2024-04-17T21:32:31.714368+00:00] installer.INFO: Matched route "{route}". {"route":"installer_welcome","route_parameters":{"_controller":"OrangeHRM\\Installer\\Controller\\WelcomeController::handle","_route":"installer_welcome"},"request_uri":"http://localhost/installer/index.php/welcome","method":"GET"} []
[2024-04-17T21:33:05.756505+00:00] installer.INFO: Matched route "{route}". {"route":"installer_licence_acceptance","route_parameters":{"_controller":"OrangeHRM\\Installer\\Controller\\Installer\\LicenceAcceptanceController::handle","_route":"installer_licence_acceptance"},"request_uri":"http://localhost/installer/index.php/installer/licence-acceptance","method":"GET"} []
[2024-04-17T21:34:12.538373+00:00] installer.INFO: Matched route "{route}". {"route":"installer_database_config","route_parameters":{"_controller":"OrangeHRM\\Installer\\Controller\\Installer\\DatabaseConfigController::handle","_route":"installer_database_config"},"request_uri":"http://localhost/installer/index.php/installer/database-config","method":"GET"} []
[2024-04-17T21:34:26.468014+00:00] installer.INFO: Matched route "{route}". {"route":"api_installer_database_config","route_parameters":{"_controller":"OrangeHRM\\Installer\\Controller\\Installer\\Api\\DatabaseConfigAPI::handle","_route":"api_installer_database_config"},"request_uri":"http://localhost/installer/index.php/installer/api/database-config","method":"GET"} []
[2024-04-17T21:35:09.671895+00:00] installer.INFO: Matched route "{route}". {"route":"api_installer_database_config","route_parameters":{"_controller":"OrangeHRM\\Installer\\Controller\\Installer\\Api\\DatabaseConfigAPI::handle","_route":"api_installer_database_config"},"request_uri":"http://localhost/installer/index.php/installer/api/database-config","method":"POST"} []
[2024-04-17T21:35:18.750265+00:00] installer.INFO: Matched route "{route}". {"route":"installer_system_check","route_parameters":{"_controller":"OrangeHRM\\Installer\\Controller\\Installer\\SystemCheckController::handle","_route":"installer_system_check"},"request_uri":"http://localhost/installer/index.php/installer/system-check","method":"GET"} []
[2024-04-17T21:35:26.943214+00:00] installer.INFO: Matched route "{route}". {"route":"api_installer_system_check","route_parameters":{"_controller":"OrangeHRM\\Installer\\Controller\\Installer\\Api\\SystemCheckAPI::handle","_route":"api_installer_system_check"},"request_uri":"http://localhost/installer/index.php/installer/api/system-check","method":"GET"} []
[2024-04-17T21:35:40.384594+00:00] installer.INFO: Matched route "{route}". {"route":"installer_instance_creation","route_parameters":{"_controller":"OrangeHRM\\Installer\\Controller\\Installer\\InstanceCreationController::handle","_route":"installer_instance_creation"},"request_uri":"http://localhost/installer/index.php/installer/instance-creation","method":"GET"} []
[2024-04-17T21:35:47.189001+00:00] installer.INFO: Matched route "{route}". {"route":"api_installer_countries","route_parameters":{"_controller":"OrangeHRM\\Installer\\Controller\\Installer\\Api\\CountryAPI::handle","_route":"api_installer_countries"},"request_uri":"http://localhost/installer/index.php/installer/api/countries","method":"GET"} []
[2024-04-17T21:35:51.541653+00:00] installer.INFO: Matched route "{route}". {"route":"api_installer_languages","route_parameters":{"_controller":"OrangeHRM\\Installer\\Controller\\Installer\\Api\\LanguageAPI::handle","_route":"api_installer_languages"},"request_uri":"http://localhost/installer/index.php/installer/api/languages","method":"GET"} []
[2024-04-17T21:35:56.878647+00:00] installer.INFO: Matched route "{route}". {"route":"api_installer_timezones","route_parameters":{"_controller":"OrangeHRM\\Installer\\Controller\\Installer\\Api\\TimezoneAPI::handle","_route":"api_installer_timezones"},"request_uri":"http://localhost/installer/index.php/installer/api/timezones","method":"GET"} []
[2024-04-17T21:36:02.776269+00:00] installer.INFO: Matched route "{route}". {"route":"api_installer_instance","route_parameters":{"_controller":"OrangeHRM\\Installer\\Controller\\Installer\\Api\\InstanceAPI::handle","_route":"api_installer_instance"},"request_uri":"http://localhost/installer/index.php/installer/api/instance","method":"GET"} []
[2024-04-17T21:37:23.956171+00:00] installer.INFO: Matched route "{route}". {"route":"api_installer_instance","route_parameters":{"_controller":"OrangeHRM\\Installer\\Controller\\Installer\\Api\\InstanceAPI::handle","_route":"api_installer_instance"},"request_uri":"http://localhost/installer/index.php/installer/api/instance","method":"POST"} []
[2024-04-17T21:37:26.760188+00:00] installer.INFO: Matched route "{route}". {"route":"api_installer_instance","route_parameters":{"_controller":"OrangeHRM\\Installer\\Controller\\Installer\\Api\\InstanceAPI::handle","_route":"api_installer_instance"},"request_uri":"http://localhost/installer/index.php/installer/api/instance","method":"POST"} []
[2024-04-17T21:37:33.061149+00:00] installer.INFO: Matched route "{route}". {"route":"api_installer_instance","route_parameters":{"_controller":"OrangeHRM\\Installer\\Controller\\Installer\\Api\\InstanceAPI::handle","_route":"api_installer_instance"},"request_uri":"http://localhost/installer/index.php/installer/api/instance","method":"POST"} []
[2024-04-17T21:38:03.283016+00:00] installer.INFO: Matched route "{route}". {"route":"installer_admin_user_creation","route_parameters":{"_controller":"OrangeHRM\\Installer\\Controller\\Installer\\AdminUserCreationController::handle","_route":"installer_admin_user_creation"},"request_uri":"http://localhost/installer/index.php/installer/admin-user-creation","method":"GET"} []
[2024-04-17T21:38:15.343722+00:00] installer.INFO: Matched route "{route}". {"route":"installer_admin_user_creation","route_parameters":{"_controller":"OrangeHRM\\Installer\\Controller\\Installer\\AdminUserCreationController::handle","_route":"installer_admin_user_creation"},"request_uri":"http://localhost/installer/index.php/installer/admin-user-creation","method":"GET"} []
[2024-04-17T21:38:23.295074+00:00] installer.INFO: Matched route "{route}". {"route":"installer_admin_user_creation","route_parameters":{"_controller":"OrangeHRM\\Installer\\Controller\\Installer\\AdminUserCreationController::handle","_route":"installer_admin_user_creation"},"request_uri":"http://localhost/installer/index.php/installer/admin-user-creation","method":"GET"} []
[2024-04-17T21:39:06.925341+00:00] installer.INFO: Matched route "{route}". {"route":"api_installer_admin_user","route_parameters":{"_controller":"OrangeHRM\\Installer\\Controller\\Installer\\Api\\AdminUserAPI::handle","_route":"api_installer_admin_user"},"request_uri":"http://localhost/installer/index.php/installer/api/admin-user","method":"GET"} []
[2024-04-17T21:40:07.805746+00:00] installer.INFO: Matched route "{route}". {"route":"api_installer_admin_user","route_parameters":{"_controller":"OrangeHRM\\Installer\\Controller\\Installer\\Api\\AdminUserAPI::handle","_route":"api_installer_admin_user"},"request_uri":"http://localhost/installer/index.php/installer/api/admin-user","method":"POST"} []
[2024-04-17T21:40:21.214335+00:00] installer.INFO: Matched route "{route}". {"route":"installer_confirmation","route_parameters":{"_controller":"OrangeHRM\\Installer\\Controller\\Installer\\ConfirmationController::handle","_route":"installer_confirmation"},"request_uri":"http://localhost/installer/index.php/installer/confirmation","method":"GET"} []
[2024-04-17T21:40:26.612884+00:00] installer.INFO: Matched route "{route}". {"route":"api_installer_database_config","route_parameters":{"_controller":"OrangeHRM\\Installer\\Controller\\Installer\\Api\\DatabaseConfigAPI::handle","_route":"api_installer_database_config"},"request_uri":"http://localhost/installer/index.php/installer/api/database-config","method":"GET"} []
[2024-04-17T21:40:31.772066+00:00] installer.INFO: Matched route "{route}". {"route":"api_installer_admin_user","route_parameters":{"_controller":"OrangeHRM\\Installer\\Controller\\Installer\\Api\\AdminUserAPI::handle","_route":"api_installer_admin_user"},"request_uri":"http://localhost/installer/index.php/installer/api/admin-user","method":"GET"} []
[2024-04-17T21:40:42.957153+00:00] installer.INFO: Matched route "{route}". {"route":"installer_process","route_parameters":{"_controller":"OrangeHRM\\Installer\\Controller\\Installer\\InstallerController::handle","_route":"installer_process"},"request_uri":"http://localhost/installer/index.php/installer/process","method":"GET"} []
[2024-04-17T21:40:46.580358+00:00] installer.INFO: Matched route "{route}". {"route":"api_installer_start_registration","route_parameters":{"_controller":"OrangeHRM\\Installer\\Controller\\Installer\\Api\\InstallerDataRegistrationAPI::handle","_route":"api_installer_start_registration"},"request_uri":"http://localhost/installer/index.php/installer/api/send-data/installer-start","method":"POST"} []
[2024-04-17T21:40:46.974621+00:00] installer.INFO: Matched route "{route}". {"route":"api_installer_database","route_parameters":{"_controller":"OrangeHRM\\Installer\\Controller\\Installer\\Api\\InstallationDatabaseAPI::handle","_route":"api_installer_database"},"request_uri":"http://localhost/installer/index.php/installer/api/installation/database","method":"POST"} []
[2024-04-17T21:40:51.899458+00:00] installer.INFO: Matched route "{route}". {"route":"api_installer_pre_migration_check","route_parameters":{"_controller":"OrangeHRM\\Installer\\Controller\\Installer\\Api\\PreMigrationCheck::handle","_route":"api_installer_pre_migration_check"},"request_uri":"http://localhost/installer/index.php/installer/api/installation/pre-migration","method":"POST"} []
[2024-04-17T21:40:52.922956+00:00] installer.INFO: Instance details: {"os":{"os":"Linux","release_name":"5.15.146.1-microsoft-standard-WSL2","version_info":"#1 SMP Thu Jan 11 04:09:03 UTC 2024"},"php":{"version":"8.1.28"},"mysql":{"client_version":"mysqlnd 8.1.28","server_version":"8.3.0","conn_type":"db via TCP\/IP"},"server":"Apache\/2.4.57 (Debian)","ohrm":{"version":"5.6.1"}} [] []
[2024-04-17T21:40:58.262425+00:00] installer.INFO: Matched route "{route}". {"route":"api_installer_versions","route_parameters":{"_controller":"OrangeHRM\\Installer\\Controller\\Installer\\Api\\VersionAPI::handle","_route":"api_installer_versions"},"request_uri":"http://localhost/installer/index.php/installer/api/versions?excludeLatest=false","method":"GET"} []
[2024-04-17T21:41:02.947501+00:00] installer.INFO: Matched route "{route}". {"route":"api_installer_migration","route_parameters":{"_controller":"OrangeHRM\\Installer\\Controller\\Installer\\Api\\MigrationAPI::handle","_route":"api_installer_migration"},"request_uri":"http://localhost/installer/index.php/installer/api/installation/migration","method":"POST"} []
[2024-04-17T21:41:03.277778+00:00] installer.INFO: {"version":"3.3.3"} [] []
[2024-04-17T21:41:04.185410+00:00] installer.INFO: Instance details: {"os":{"os":"Linux","release_name":"5.15.146.1-microsoft-standard-WSL2","version_info":"#1 SMP Thu Jan 11 04:09:03 UTC 2024"},"php":{"version":"8.1.28"},"mysql":{"client_version":"mysqlnd 8.1.28","server_version":"8.3.0","conn_type":"db via TCP\/IP"},"server":"Apache\/2.4.57 (Debian)","ohrm":{"version":"5.6.1"}} [] []
[2024-04-17T21:41:04.636198+00:00] installer.INFO: set_time_limit: success [] []
[2024-04-17T21:41:36.174146+00:00] installer.INFO: Matched route "{route}". {"route":"api_installer_migration","route_parameters":{"_controller":"OrangeHRM\\Installer\\Controller\\Installer\\Api\\MigrationAPI::handle","_route":"api_installer_migration"},"request_uri":"http://localhost/installer/index.php/installer/api/installation/migration","method":"POST"} []
[2024-04-17T21:41:36.438471+00:00] installer.INFO: {"version":"4.0"} [] []
[2024-04-17T21:41:37.241588+00:00] installer.INFO: Instance details: {"os":{"os":"Linux","release_name":"5.15.146.1-microsoft-standard-WSL2","version_info":"#1 SMP Thu Jan 11 04:09:03 UTC 2024"},"php":{"version":"8.1.28"},"mysql":{"client_version":"mysqlnd 8.1.28","server_version":"8.3.0","conn_type":"db via TCP\/IP"},"server":"Apache\/2.4.57 (Debian)","ohrm":{"version":"5.6.1"}} [] []
[2024-04-17T21:41:37.562982+00:00] installer.INFO: set_time_limit: success [] []
[2024-04-17T21:41:41.429697+00:00] installer.INFO: Matched route "{route}". {"route":"api_installer_migration","route_parameters":{"_controller":"OrangeHRM\\Installer\\Controller\\Installer\\Api\\MigrationAPI::handle","_route":"api_installer_migration"},"request_uri":"http://localhost/installer/index.php/installer/api/installation/migration","method":"POST"} []
[2024-04-17T21:41:41.781603+00:00] installer.INFO: {"version":"4.1"} [] []
[2024-04-17T21:41:42.777370+00:00] installer.INFO: Instance details: {"os":{"os":"Linux","release_name":"5.15.146.1-microsoft-standard-WSL2","version_info":"#1 SMP Thu Jan 11 04:09:03 UTC 2024"},"php":{"version":"8.1.28"},"mysql":{"client_version":"mysqlnd 8.1.28","server_version":"8.3.0","conn_type":"db via TCP\/IP"},"server":"Apache\/2.4.57 (Debian)","ohrm":{"version":"5.6.1"}} [] []
[2024-04-17T21:41:43.152450+00:00] installer.INFO: set_time_limit: success [] []
[2024-04-17T21:41:46.870321+00:00] installer.INFO: Matched route "{route}". {"route":"api_installer_migration","route_parameters":{"_controller":"OrangeHRM\\Installer\\Controller\\Installer\\Api\\MigrationAPI::handle","_route":"api_installer_migration"},"request_uri":"http://localhost/installer/index.php/installer/api/installation/migration","method":"POST"} []
[2024-04-17T21:41:47.121005+00:00] installer.INFO: {"version":"4.1.1"} [] []
[2024-04-17T21:41:48.028255+00:00] installer.INFO: Instance details: {"os":{"os":"Linux","release_name":"5.15.146.1-microsoft-standard-WSL2","version_info":"#1 SMP Thu Jan 11 04:09:03 UTC 2024"},"php":{"version":"8.1.28"},"mysql":{"client_version":"mysqlnd 8.1.28","server_version":"8.3.0","conn_type":"db via TCP\/IP"},"server":"Apache\/2.4.57 (Debian)","ohrm":{"version":"5.6.1"}} [] []
[2024-04-17T21:41:48.173999+00:00] installer.INFO: set_time_limit: success [] []
[2024-04-17T21:41:52.508658+00:00] installer.INFO: Matched route "{route}". {"route":"api_installer_migration","route_parameters":{"_controller":"OrangeHRM\\Installer\\Controller\\Installer\\Api\\MigrationAPI::handle","_route":"api_installer_migration"},"request_uri":"http://localhost/installer/index.php/installer/api/installation/migration","method":"POST"} []
[2024-04-17T21:41:52.787003+00:00] installer.INFO: {"version":"4.1.2"} [] []
[2024-04-17T21:41:53.625700+00:00] installer.INFO: Instance details: {"os":{"os":"Linux","release_name":"5.15.146.1-microsoft-standard-WSL2","version_info":"#1 SMP Thu Jan 11 04:09:03 UTC 2024"},"php":{"version":"8.1.28"},"mysql":{"client_version":"mysqlnd 8.1.28","server_version":"8.3.0","conn_type":"db via TCP\/IP"},"server":"Apache\/2.4.57 (Debian)","ohrm":{"version":"5.6.1"}} [] []
[2024-04-17T21:41:53.864921+00:00] installer.INFO: set_time_limit: success [] []
[2024-04-17T21:41:57.339042+00:00] installer.INFO: Matched route "{route}". {"route":"api_installer_migration","route_parameters":{"_controller":"OrangeHRM\\Installer\\Controller\\Installer\\Api\\MigrationAPI::handle","_route":"api_installer_migration"},"request_uri":"http://localhost/installer/index.php/installer/api/installation/migration","method":"POST"} []
[2024-04-17T21:41:57.580163+00:00] installer.INFO: {"version":"4.1.2.1"} [] []
[2024-04-17T21:41:58.356768+00:00] installer.INFO: Instance details: {"os":{"os":"Linux","release_name":"5.15.146.1-microsoft-standard-WSL2","version_info":"#1 SMP Thu Jan 11 04:09:03 UTC 2024"},"php":{"version":"8.1.28"},"mysql":{"client_version":"mysqlnd 8.1.28","server_version":"8.3.0","conn_type":"db via TCP\/IP"},"server":"Apache\/2.4.57 (Debian)","ohrm":{"version":"5.6.1"}} [] []
[2024-04-17T21:41:58.629593+00:00] installer.INFO: set_time_limit: success [] []
[2024-04-17T21:42:02.455995+00:00] installer.INFO: Matched route "{route}". {"route":"api_installer_migration","route_parameters":{"_controller":"OrangeHRM\\Installer\\Controller\\Installer\\Api\\MigrationAPI::handle","_route":"api_installer_migration"},"request_uri":"http://localhost/installer/index.php/installer/api/installation/migration","method":"POST"} []
[2024-04-17T21:42:02.795358+00:00] installer.INFO: {"version":"4.2"} [] []
[2024-04-17T21:42:03.777120+00:00] installer.INFO: Instance details: {"os":{"os":"Linux","release_name":"5.15.146.1-microsoft-standard-WSL2","version_info":"#1 SMP Thu Jan 11 04:09:03 UTC 2024"},"php":{"version":"8.1.28"},"mysql":{"client_version":"mysqlnd 8.1.28","server_version":"8.3.0","conn_type":"db via TCP\/IP"},"server":"Apache\/2.4.57 (Debian)","ohrm":{"version":"5.6.1"}} [] []
[2024-04-17T21:42:04.032223+00:00] installer.INFO: set_time_limit: success [] []
[2024-04-17T21:42:07.999912+00:00] installer.INFO: Matched route "{route}". {"route":"api_installer_migration","route_parameters":{"_controller":"OrangeHRM\\Installer\\Controller\\Installer\\Api\\MigrationAPI::handle","_route":"api_installer_migration"},"request_uri":"http://localhost/installer/index.php/installer/api/installation/migration","method":"POST"} []
[2024-04-17T21:42:08.249515+00:00] installer.INFO: {"version":"4.2.0.1"} [] []
[2024-04-17T21:42:09.473042+00:00] installer.INFO: Instance details: {"os":{"os":"Linux","release_name":"5.15.146.1-microsoft-standard-WSL2","version_info":"#1 SMP Thu Jan 11 04:09:03 UTC 2024"},"php":{"version":"8.1.28"},"mysql":{"client_version":"mysqlnd 8.1.28","server_version":"8.3.0","conn_type":"db via TCP\/IP"},"server":"Apache\/2.4.57 (Debian)","ohrm":{"version":"5.6.1"}} [] []
[2024-04-17T21:42:09.672257+00:00] installer.INFO: set_time_limit: success [] []
[2024-04-17T21:42:12.956208+00:00] installer.INFO: Matched route "{route}". {"route":"api_installer_migration","route_parameters":{"_controller":"OrangeHRM\\Installer\\Controller\\Installer\\Api\\MigrationAPI::handle","_route":"api_installer_migration"},"request_uri":"http://localhost/installer/index.php/installer/api/installation/migration","method":"POST"} []
[2024-04-17T21:42:13.150673+00:00] installer.INFO: {"version":"4.3"} [] []
[2024-04-17T21:42:14.118034+00:00] installer.INFO: Instance details: {"os":{"os":"Linux","release_name":"5.15.146.1-microsoft-standard-WSL2","version_info":"#1 SMP Thu Jan 11 04:09:03 UTC 2024"},"php":{"version":"8.1.28"},"mysql":{"client_version":"mysqlnd 8.1.28","server_version":"8.3.0","conn_type":"db via TCP\/IP"},"server":"Apache\/2.4.57 (Debian)","ohrm":{"version":"5.6.1"}} [] []
[2024-04-17T21:42:14.292061+00:00] installer.INFO: set_time_limit: success [] []
[2024-04-17T21:42:17.706508+00:00] installer.INFO: Matched route "{route}". {"route":"api_installer_migration","route_parameters":{"_controller":"OrangeHRM\\Installer\\Controller\\Installer\\Api\\MigrationAPI::handle","_route":"api_installer_migration"},"request_uri":"http://localhost/installer/index.php/installer/api/installation/migration","method":"POST"} []
[2024-04-17T21:42:18.086207+00:00] installer.INFO: {"version":"4.3.1"} [] []
[2024-04-17T21:42:19.148508+00:00] installer.INFO: Instance details: {"os":{"os":"Linux","release_name":"5.15.146.1-microsoft-standard-WSL2","version_info":"#1 SMP Thu Jan 11 04:09:03 UTC 2024"},"php":{"version":"8.1.28"},"mysql":{"client_version":"mysqlnd 8.1.28","server_version":"8.3.0","conn_type":"db via TCP\/IP"},"server":"Apache\/2.4.57 (Debian)","ohrm":{"version":"5.6.1"}} [] []
[2024-04-17T21:42:19.324493+00:00] installer.INFO: set_time_limit: success [] []
[2024-04-17T21:42:23.290023+00:00] installer.INFO: Matched route "{route}". {"route":"api_installer_migration","route_parameters":{"_controller":"OrangeHRM\\Installer\\Controller\\Installer\\Api\\MigrationAPI::handle","_route":"api_installer_migration"},"request_uri":"http://localhost/installer/index.php/installer/api/installation/migration","method":"POST"} []
[2024-04-17T21:42:23.536738+00:00] installer.INFO: {"version":"4.3.2"} [] []
[2024-04-17T21:42:24.600979+00:00] installer.INFO: Instance details: {"os":{"os":"Linux","release_name":"5.15.146.1-microsoft-standard-WSL2","version_info":"#1 SMP Thu Jan 11 04:09:03 UTC 2024"},"php":{"version":"8.1.28"},"mysql":{"client_version":"mysqlnd 8.1.28","server_version":"8.3.0","conn_type":"db via TCP\/IP"},"server":"Apache\/2.4.57 (Debian)","ohrm":{"version":"5.6.1"}} [] []
[2024-04-17T21:42:24.779181+00:00] installer.INFO: set_time_limit: success [] []
[2024-04-17T21:42:28.030524+00:00] installer.INFO: Matched route "{route}". {"route":"api_installer_migration","route_parameters":{"_controller":"OrangeHRM\\Installer\\Controller\\Installer\\Api\\MigrationAPI::handle","_route":"api_installer_migration"},"request_uri":"http://localhost/installer/index.php/installer/api/installation/migration","method":"POST"} []
[2024-04-17T21:42:28.282477+00:00] installer.INFO: {"version":"4.3.3"} [] []
[2024-04-17T21:42:29.444379+00:00] installer.INFO: Instance details: {"os":{"os":"Linux","release_name":"5.15.146.1-microsoft-standard-WSL2","version_info":"#1 SMP Thu Jan 11 04:09:03 UTC 2024"},"php":{"version":"8.1.28"},"mysql":{"client_version":"mysqlnd 8.1.28","server_version":"8.3.0","conn_type":"db via TCP\/IP"},"server":"Apache\/2.4.57 (Debian)","ohrm":{"version":"5.6.1"}} [] []
[2024-04-17T21:42:29.598329+00:00] installer.INFO: set_time_limit: success [] []
[2024-04-17T21:42:40.817258+00:00] installer.INFO: Matched route "{route}". {"route":"api_installer_migration","route_parameters":{"_controller":"OrangeHRM\\Installer\\Controller\\Installer\\Api\\MigrationAPI::handle","_route":"api_installer_migration"},"request_uri":"http://localhost/installer/index.php/installer/api/installation/migration","method":"POST"} []
[2024-04-17T21:42:41.015544+00:00] installer.INFO: {"version":"4.3.4"} [] []
[2024-04-17T21:42:42.123683+00:00] installer.INFO: Instance details: {"os":{"os":"Linux","release_name":"5.15.146.1-microsoft-standard-WSL2","version_info":"#1 SMP Thu Jan 11 04:09:03 UTC 2024"},"php":{"version":"8.1.28"},"mysql":{"client_version":"mysqlnd 8.1.28","server_version":"8.3.0","conn_type":"db via TCP\/IP"},"server":"Apache\/2.4.57 (Debian)","ohrm":{"version":"5.6.1"}} [] []
[2024-04-17T21:42:42.282133+00:00] installer.INFO: set_time_limit: success [] []
[2024-04-17T21:42:45.894934+00:00] installer.INFO: Matched route "{route}". {"route":"api_installer_migration","route_parameters":{"_controller":"OrangeHRM\\Installer\\Controller\\Installer\\Api\\MigrationAPI::handle","_route":"api_installer_migration"},"request_uri":"http://localhost/installer/index.php/installer/api/installation/migration","method":"POST"} []
[2024-04-17T21:42:46.135481+00:00] installer.INFO: {"version":"4.3.5"} [] []
[2024-04-17T21:42:47.149014+00:00] installer.INFO: Instance details: {"os":{"os":"Linux","release_name":"5.15.146.1-microsoft-standard-WSL2","version_info":"#1 SMP Thu Jan 11 04:09:03 UTC 2024"},"php":{"version":"8.1.28"},"mysql":{"client_version":"mysqlnd 8.1.28","server_version":"8.3.0","conn_type":"db via TCP\/IP"},"server":"Apache\/2.4.57 (Debian)","ohrm":{"version":"5.6.1"}} [] []
[2024-04-17T21:42:47.319620+00:00] installer.INFO: set_time_limit: success [] []
[2024-04-17T21:42:51.114265+00:00] installer.INFO: Matched route "{route}". {"route":"api_installer_migration","route_parameters":{"_controller":"OrangeHRM\\Installer\\Controller\\Installer\\Api\\MigrationAPI::handle","_route":"api_installer_migration"},"request_uri":"http://localhost/installer/index.php/installer/api/installation/migration","method":"POST"} []
[2024-04-17T21:42:51.411088+00:00] installer.INFO: {"version":"4.4"} [] []
[2024-04-17T21:42:52.214783+00:00] installer.INFO: Instance details: {"os":{"os":"Linux","release_name":"5.15.146.1-microsoft-standard-WSL2","version_info":"#1 SMP Thu Jan 11 04:09:03 UTC 2024"},"php":{"version":"8.1.28"},"mysql":{"client_version":"mysqlnd 8.1.28","server_version":"8.3.0","conn_type":"db via TCP\/IP"},"server":"Apache\/2.4.57 (Debian)","ohrm":{"version":"5.6.1"}} [] []
[2024-04-17T21:42:52.372367+00:00] installer.INFO: set_time_limit: success [] []
[2024-04-17T21:42:58.701277+00:00] installer.INFO: Matched route "{route}". {"route":"api_installer_migration","route_parameters":{"_controller":"OrangeHRM\\Installer\\Controller\\Installer\\Api\\MigrationAPI::handle","_route":"api_installer_migration"},"request_uri":"http://localhost/installer/index.php/installer/api/installation/migration","method":"POST"} []
[2024-04-17T21:42:59.138884+00:00] installer.INFO: {"version":"4.5"} [] []
[2024-04-17T21:43:00.186263+00:00] installer.INFO: Instance details: {"os":{"os":"Linux","release_name":"5.15.146.1-microsoft-standard-WSL2","version_info":"#1 SMP Thu Jan 11 04:09:03 UTC 2024"},"php":{"version":"8.1.28"},"mysql":{"client_version":"mysqlnd 8.1.28","server_version":"8.3.0","conn_type":"db via TCP\/IP"},"server":"Apache\/2.4.57 (Debian)","ohrm":{"version":"5.6.1"}} [] []
[2024-04-17T21:43:00.448395+00:00] installer.INFO: set_time_limit: success [] []
[2024-04-17T21:43:04.344638+00:00] installer.INFO: Matched route "{route}". {"route":"api_installer_migration","route_parameters":{"_controller":"OrangeHRM\\Installer\\Controller\\Installer\\Api\\MigrationAPI::handle","_route":"api_installer_migration"},"request_uri":"http://localhost/installer/index.php/installer/api/installation/migration","method":"POST"} []
[2024-04-17T21:43:04.593867+00:00] installer.INFO: {"version":"4.6"} [] []
[2024-04-17T21:43:05.537277+00:00] installer.INFO: Instance details: {"os":{"os":"Linux","release_name":"5.15.146.1-microsoft-standard-WSL2","version_info":"#1 SMP Thu Jan 11 04:09:03 UTC 2024"},"php":{"version":"8.1.28"},"mysql":{"client_version":"mysqlnd 8.1.28","server_version":"8.3.0","conn_type":"db via TCP\/IP"},"server":"Apache\/2.4.57 (Debian)","ohrm":{"version":"5.6.1"}} [] []
[2024-04-17T21:43:05.768168+00:00] installer.INFO: set_time_limit: success [] []
[2024-04-17T21:43:12.668873+00:00] installer.INFO: Matched route "{route}". {"route":"api_installer_migration","route_parameters":{"_controller":"OrangeHRM\\Installer\\Controller\\Installer\\Api\\MigrationAPI::handle","_route":"api_installer_migration"},"request_uri":"http://localhost/installer/index.php/installer/api/installation/migration","method":"POST"} []
[2024-04-17T21:43:12.911893+00:00] installer.INFO: {"version":"4.6.0.1"} [] []
[2024-04-17T21:43:13.833348+00:00] installer.INFO: Instance details: {"os":{"os":"Linux","release_name":"5.15.146.1-microsoft-standard-WSL2","version_info":"#1 SMP Thu Jan 11 04:09:03 UTC 2024"},"php":{"version":"8.1.28"},"mysql":{"client_version":"mysqlnd 8.1.28","server_version":"8.3.0","conn_type":"db via TCP\/IP"},"server":"Apache\/2.4.57 (Debian)","ohrm":{"version":"5.6.1"}} [] []
[2024-04-17T21:43:13.986971+00:00] installer.INFO: set_time_limit: success [] []
[2024-04-17T21:43:17.398482+00:00] installer.INFO: Matched route "{route}". {"route":"api_installer_migration","route_parameters":{"_controller":"OrangeHRM\\Installer\\Controller\\Installer\\Api\\MigrationAPI::handle","_route":"api_installer_migration"},"request_uri":"http://localhost/installer/index.php/installer/api/installation/migration","method":"POST"} []
[2024-04-17T21:43:17.640771+00:00] installer.INFO: {"version":"4.7"} [] []
[2024-04-17T21:43:18.394370+00:00] installer.INFO: Instance details: {"os":{"os":"Linux","release_name":"5.15.146.1-microsoft-standard-WSL2","version_info":"#1 SMP Thu Jan 11 04:09:03 UTC 2024"},"php":{"version":"8.1.28"},"mysql":{"client_version":"mysqlnd 8.1.28","server_version":"8.3.0","conn_type":"db via TCP\/IP"},"server":"Apache\/2.4.57 (Debian)","ohrm":{"version":"5.6.1"}} [] []
[2024-04-17T21:43:18.774380+00:00] installer.INFO: set_time_limit: success [] []
[2024-04-17T21:43:22.360504+00:00] installer.INFO: Matched route "{route}". {"route":"api_installer_migration","route_parameters":{"_controller":"OrangeHRM\\Installer\\Controller\\Installer\\Api\\MigrationAPI::handle","_route":"api_installer_migration"},"request_uri":"http://localhost/installer/index.php/installer/api/installation/migration","method":"POST"} []
[2024-04-17T21:43:22.554409+00:00] installer.INFO: {"version":"4.8"} [] []
[2024-04-17T21:43:23.269014+00:00] installer.INFO: Instance details: {"os":{"os":"Linux","release_name":"5.15.146.1-microsoft-standard-WSL2","version_info":"#1 SMP Thu Jan 11 04:09:03 UTC 2024"},"php":{"version":"8.1.28"},"mysql":{"client_version":"mysqlnd 8.1.28","server_version":"8.3.0","conn_type":"db via TCP\/IP"},"server":"Apache\/2.4.57 (Debian)","ohrm":{"version":"5.6.1"}} [] []
[2024-04-17T21:43:23.482876+00:00] installer.INFO: set_time_limit: success [] []
[2024-04-17T21:43:26.960473+00:00] installer.INFO: Matched route "{route}". {"route":"api_installer_migration","route_parameters":{"_controller":"OrangeHRM\\Installer\\Controller\\Installer\\Api\\MigrationAPI::handle","_route":"api_installer_migration"},"request_uri":"http://localhost/installer/index.php/installer/api/installation/migration","method":"POST"} []
[2024-04-17T21:43:27.211873+00:00] installer.INFO: {"version":"4.9"} [] []
[2024-04-17T21:43:27.971922+00:00] installer.INFO: Instance details: {"os":{"os":"Linux","release_name":"5.15.146.1-microsoft-standard-WSL2","version_info":"#1 SMP Thu Jan 11 04:09:03 UTC 2024"},"php":{"version":"8.1.28"},"mysql":{"client_version":"mysqlnd 8.1.28","server_version":"8.3.0","conn_type":"db via TCP\/IP"},"server":"Apache\/2.4.57 (Debian)","ohrm":{"version":"5.6.1"}} [] []
[2024-04-17T21:43:28.173408+00:00] installer.INFO: set_time_limit: success [] []
[2024-04-17T21:43:32.244793+00:00] installer.INFO: Matched route "{route}". {"route":"api_installer_migration","route_parameters":{"_controller":"OrangeHRM\\Installer\\Controller\\Installer\\Api\\MigrationAPI::handle","_route":"api_installer_migration"},"request_uri":"http://localhost/installer/index.php/installer/api/installation/migration","method":"POST"} []
[2024-04-17T21:43:32.473885+00:00] installer.INFO: {"version":"4.10"} [] []
[2024-04-17T21:43:33.294720+00:00] installer.INFO: Instance details: {"os":{"os":"Linux","release_name":"5.15.146.1-microsoft-standard-WSL2","version_info":"#1 SMP Thu Jan 11 04:09:03 UTC 2024"},"php":{"version":"8.1.28"},"mysql":{"client_version":"mysqlnd 8.1.28","server_version":"8.3.0","conn_type":"db via TCP\/IP"},"server":"Apache\/2.4.57 (Debian)","ohrm":{"version":"5.6.1"}} [] []
[2024-04-17T21:43:33.523069+00:00] installer.INFO: set_time_limit: success [] []
[2024-04-17T21:43:36.344436+00:00] installer.INFO: Matched route "{route}". {"route":"api_installer_migration","route_parameters":{"_controller":"OrangeHRM\\Installer\\Controller\\Installer\\Api\\MigrationAPI::handle","_route":"api_installer_migration"},"request_uri":"http://localhost/installer/index.php/installer/api/installation/migration","method":"POST"} []
[2024-04-17T21:43:36.592334+00:00] installer.INFO: {"version":"4.10.1"} [] []
[2024-04-17T21:43:37.334647+00:00] installer.INFO: Instance details: {"os":{"os":"Linux","release_name":"5.15.146.1-microsoft-standard-WSL2","version_info":"#1 SMP Thu Jan 11 04:09:03 UTC 2024"},"php":{"version":"8.1.28"},"mysql":{"client_version":"mysqlnd 8.1.28","server_version":"8.3.0","conn_type":"db via TCP\/IP"},"server":"Apache\/2.4.57 (Debian)","ohrm":{"version":"5.6.1"}} [] []
[2024-04-17T21:43:37.486045+00:00] installer.INFO: set_time_limit: success [] []
[2024-04-17T21:43:41.250702+00:00] installer.INFO: Matched route "{route}". {"route":"api_installer_migration","route_parameters":{"_controller":"OrangeHRM\\Installer\\Controller\\Installer\\Api\\MigrationAPI::handle","_route":"api_installer_migration"},"request_uri":"http://localhost/installer/index.php/installer/api/installation/migration","method":"POST"} []
[2024-04-17T21:43:41.550734+00:00] installer.INFO: {"version":"5.0"} [] []
[2024-04-17T21:43:42.374006+00:00] installer.INFO: Instance details: {"os":{"os":"Linux","release_name":"5.15.146.1-microsoft-standard-WSL2","version_info":"#1 SMP Thu Jan 11 04:09:03 UTC 2024"},"php":{"version":"8.1.28"},"mysql":{"client_version":"mysqlnd 8.1.28","server_version":"8.3.0","conn_type":"db via TCP\/IP"},"server":"Apache\/2.4.57 (Debian)","ohrm":{"version":"5.6.1"}} [] []
[2024-04-17T21:43:42.637724+00:00] installer.INFO: set_time_limit: success [] []
[2024-04-17T21:43:46.159005+00:00] installer.INFO: set_time_limit: success [] []
[2024-04-17T21:45:01.197951+00:00] installer.INFO: Matched route "{route}". {"route":"api_installer_migration","route_parameters":{"_controller":"OrangeHRM\\Installer\\Controller\\Installer\\Api\\MigrationAPI::handle","_route":"api_installer_migration"},"request_uri":"http://localhost/installer/index.php/installer/api/installation/migration","method":"POST"} []
[2024-04-17T21:45:01.433915+00:00] installer.INFO: {"version":"5.1"} [] []
[2024-04-17T21:45:02.387521+00:00] installer.INFO: Instance details: {"os":{"os":"Linux","release_name":"5.15.146.1-microsoft-standard-WSL2","version_info":"#1 SMP Thu Jan 11 04:09:03 UTC 2024"},"php":{"version":"8.1.28"},"mysql":{"client_version":"mysqlnd 8.1.28","server_version":"8.3.0","conn_type":"db via TCP\/IP"},"server":"Apache\/2.4.57 (Debian)","ohrm":{"version":"5.6.1"}} [] []
[2024-04-17T21:45:02.546876+00:00] installer.INFO: set_time_limit: success [] []
[2024-04-17T21:45:19.293839+00:00] installer.INFO: Matched route "{route}". {"route":"api_installer_migration","route_parameters":{"_controller":"OrangeHRM\\Installer\\Controller\\Installer\\Api\\MigrationAPI::handle","_route":"api_installer_migration"},"request_uri":"http://localhost/installer/index.php/installer/api/installation/migration","method":"POST"} []
[2024-04-17T21:45:19.623747+00:00] installer.INFO: {"version":"5.2"} [] []
[2024-04-17T21:45:20.521608+00:00] installer.INFO: Instance details: {"os":{"os":"Linux","release_name":"5.15.146.1-microsoft-standard-WSL2","version_info":"#1 SMP Thu Jan 11 04:09:03 UTC 2024"},"php":{"version":"8.1.28"},"mysql":{"client_version":"mysqlnd 8.1.28","server_version":"8.3.0","conn_type":"db via TCP\/IP"},"server":"Apache\/2.4.57 (Debian)","ohrm":{"version":"5.6.1"}} [] []
[2024-04-17T21:45:20.756516+00:00] installer.INFO: set_time_limit: success [] []
[2024-04-17T21:45:29.256510+00:00] installer.INFO: Deleting invalid config values [] []
[2024-04-17T21:45:29.271801+00:00] installer.INFO: Deleting: `https://opensourcehelp.orangehrm.com` => `` from `hs_hr_config` [] []
[2024-04-17T21:45:29.287000+00:00] installer.INFO: Deleting: `ZendeskHelpProcessor` => `` from `hs_hr_config` [] []
[2024-04-17T21:45:29.288395+00:00] installer.INFO: Deleting legacy config values [] []
[2024-04-17T21:45:29.301530+00:00] installer.INFO: Deleting: `ldap_domain_name` => `` from `hs_hr_config` [] []
[2024-04-17T21:45:29.326069+00:00] installer.INFO: Deleting: `ldap_port` => `` from `hs_hr_config` [] []
[2024-04-17T21:45:29.360471+00:00] installer.INFO: Deleting: `ldap_server` => `` from `hs_hr_config` [] []
[2024-04-17T21:45:29.387040+00:00] installer.INFO: Deleting: `ldap_status` => `` from `hs_hr_config` [] []
[2024-04-17T21:45:29.403893+00:00] installer.INFO: Deleting: `beacon.activation_acceptance_status` => `off` from `hs_hr_config` [] []
[2024-04-17T21:45:29.422079+00:00] installer.INFO: Deleting: `beacon.activiation_status` => `off` from `hs_hr_config` [] []
[2024-04-17T21:45:29.439633+00:00] installer.INFO: Deleting: `beacon.company_name` => `` from `hs_hr_config` [] []
[2024-04-17T21:45:29.456140+00:00] installer.INFO: Deleting: `beacon.flash_period` => `120` from `hs_hr_config` [] []
[2024-04-17T21:45:29.477928+00:00] installer.INFO: Deleting: `beacon.lock` => `unlocked` from `hs_hr_config` [] []
[2024-04-17T21:45:29.499103+00:00] installer.INFO: Deleting: `beacon.next_flash_time` => `0000-00-00` from `hs_hr_config` [] []
[2024-04-17T21:45:29.518496+00:00] installer.INFO: Deleting: `beacon.uuid` => `0` from `hs_hr_config` [] []
[2024-04-17T21:45:29.537596+00:00] installer.INFO: Deleting: `showSIN` => `0` from `hs_hr_config` [] []
[2024-04-17T21:45:29.556302+00:00] installer.INFO: Deleting: `showSSN` => `0` from `hs_hr_config` [] []
[2024-04-17T21:45:29.574032+00:00] installer.INFO: Deleting: `showTaxExemptions` => `0` from `hs_hr_config` [] []
[2024-04-17T21:45:29.590740+00:00] installer.INFO: Deleting: `report.mysql_group_concat_max_len` => `2048` from `hs_hr_config` [] []
[2024-04-17T21:45:29.611954+00:00] installer.INFO: Deleting: `attendanceEmpEditSubmitted` => `No` from `hs_hr_config` [] []
[2024-04-17T21:45:29.631201+00:00] installer.INFO: Deleting: `attendanceSupEditSubmitted` => `No` from `hs_hr_config` [] []
[2024-04-17T21:45:29.647430+00:00] installer.INFO: Deleting: `hsp_accrued_last_updated` => `0000-00-00` from `hs_hr_config` [] []
[2024-04-17T21:45:29.664733+00:00] installer.INFO: Deleting: `hsp_current_plan` => `0` from `hs_hr_config` [] []
[2024-04-17T21:45:29.685198+00:00] installer.INFO: Deleting: `hsp_used_last_updated` => `0000-00-00` from `hs_hr_config` [] []
[2024-04-17T21:45:33.669971+00:00] installer.INFO: Matched route "{route}". {"route":"api_installer_migration","route_parameters":{"_controller":"OrangeHRM\\Installer\\Controller\\Installer\\Api\\MigrationAPI::handle","_route":"api_installer_migration"},"request_uri":"http://localhost/installer/index.php/installer/api/installation/migration","method":"POST"} []
[2024-04-17T21:45:34.023396+00:00] installer.INFO: {"version":"5.3"} [] []
[2024-04-17T21:45:35.135688+00:00] installer.INFO: Instance details: {"os":{"os":"Linux","release_name":"5.15.146.1-microsoft-standard-WSL2","version_info":"#1 SMP Thu Jan 11 04:09:03 UTC 2024"},"php":{"version":"8.1.28"},"mysql":{"client_version":"mysqlnd 8.1.28","server_version":"8.3.0","conn_type":"db via TCP\/IP"},"server":"Apache\/2.4.57 (Debian)","ohrm":{"version":"5.6.1"}} [] []
[2024-04-17T21:45:35.417745+00:00] installer.INFO: set_time_limit: success [] []
[2024-04-17T21:45:38.651660+00:00] installer.INFO: Server timezone: UTC [] []
[2024-04-17T21:45:38.655316+00:00] installer.INFO: `ohrm_buzz_comment` record count: 0 [] []
[2024-04-17T21:45:38.656589+00:00] installer.INFO: `ohrm_buzz_like_on_comment` record count: 0 [] []
[2024-04-17T21:45:38.658404+00:00] installer.INFO: `ohrm_buzz_like_on_share` record count: 0 [] []
[2024-04-17T21:45:38.677184+00:00] installer.INFO: `ohrm_buzz_post` record count: 0 [] []
[2024-04-17T21:45:38.678476+00:00] installer.INFO: `ohrm_buzz_share` record count: 0 [] []
[2024-04-17T21:45:39.769132+00:00] installer.INFO: `ohrm_buzz_link` record count: 0 [] []
[2024-04-17T21:45:39.775224+00:00] installer.INFO: Deleting legacy Buzz config values [] []
[2024-04-17T21:45:39.873095+00:00] installer.INFO: Deleting: `buzz_comment_text_lenth` => `250` from `hs_hr_config` [] []
[2024-04-17T21:45:39.897487+00:00] installer.INFO: Deleting: `buzz_cookie_valid_time` => `5000` from `hs_hr_config` [] []
[2024-04-17T21:45:39.914899+00:00] installer.INFO: Deleting: `buzz_image_max_dimension` => `1024` from `hs_hr_config` [] []
[2024-04-17T21:45:39.934868+00:00] installer.INFO: Deleting: `buzz_initial_comments` => `2` from `hs_hr_config` [] []
[2024-04-17T21:45:39.954314+00:00] installer.INFO: Deleting: `buzz_like_count` => `5` from `hs_hr_config` [] []
[2024-04-17T21:45:39.972594+00:00] installer.INFO: Deleting: `buzz_max_notification_period` => `-1 week` from `hs_hr_config` [] []
[2024-04-17T21:45:39.990377+00:00] installer.INFO: Deleting: `buzz_most_like_posts` => `5` from `hs_hr_config` [] []
[2024-04-17T21:45:40.007177+00:00] installer.INFO: Deleting: `buzz_most_like_shares` => `5` from `hs_hr_config` [] []
[2024-04-17T21:45:40.024540+00:00] installer.INFO: Deleting: `buzz_post_text_lenth` => `500` from `hs_hr_config` [] []
[2024-04-17T21:45:40.041780+00:00] installer.INFO: Deleting: `buzz_post_text_lines` => `5` from `hs_hr_config` [] []
[2024-04-17T21:45:40.059634+00:00] installer.INFO: Deleting: `buzz_refresh_time` => `60000` from `hs_hr_config` [] []
[2024-04-17T21:45:40.090375+00:00] installer.INFO: Deleting: `buzz_share_count` => `10` from `hs_hr_config` [] []
[2024-04-17T21:45:40.110123+00:00] installer.INFO: Deleting: `buzz_time_format` => `h:i a` from `hs_hr_config` [] []
[2024-04-17T21:45:40.127843+00:00] installer.INFO: Deleting: `buzz_viewmore_comment` => `5` from `hs_hr_config` [] []
[2024-04-17T21:45:43.635580+00:00] installer.INFO: Matched route "{route}". {"route":"api_installer_migration","route_parameters":{"_controller":"OrangeHRM\\Installer\\Controller\\Installer\\Api\\MigrationAPI::handle","_route":"api_installer_migration"},"request_uri":"http://localhost/installer/index.php/installer/api/installation/migration","method":"POST"} []
[2024-04-17T21:45:43.889883+00:00] installer.INFO: {"version":"5.4"} [] []
[2024-04-17T21:45:44.869290+00:00] installer.INFO: Instance details: {"os":{"os":"Linux","release_name":"5.15.146.1-microsoft-standard-WSL2","version_info":"#1 SMP Thu Jan 11 04:09:03 UTC 2024"},"php":{"version":"8.1.28"},"mysql":{"client_version":"mysqlnd 8.1.28","server_version":"8.3.0","conn_type":"db via TCP\/IP"},"server":"Apache\/2.4.57 (Debian)","ohrm":{"version":"5.6.1"}} [] []
[2024-04-17T21:45:45.080267+00:00] installer.INFO: set_time_limit: success [] []
[2024-04-17T21:45:46.150292+00:00] installer.INFO: Deleting: `authentication.default_required_password_strength` => `strong` from `hs_hr_config` [] []
[2024-04-17T21:45:46.186815+00:00] installer.INFO: Deleting: `authentication.enforce_password_strength` => `on` from `hs_hr_config` [] []
[2024-04-17T21:45:50.692651+00:00] installer.INFO: Matched route "{route}". {"route":"api_installer_migration","route_parameters":{"_controller":"OrangeHRM\\Installer\\Controller\\Installer\\Api\\MigrationAPI::handle","_route":"api_installer_migration"},"request_uri":"http://localhost/installer/index.php/installer/api/installation/migration","method":"POST"} []
[2024-04-17T21:45:50.934959+00:00] installer.INFO: {"version":"5.5"} [] []
[2024-04-17T21:45:51.844344+00:00] installer.INFO: Instance details: {"os":{"os":"Linux","release_name":"5.15.146.1-microsoft-standard-WSL2","version_info":"#1 SMP Thu Jan 11 04:09:03 UTC 2024"},"php":{"version":"8.1.28"},"mysql":{"client_version":"mysqlnd 8.1.28","server_version":"8.3.0","conn_type":"db via TCP\/IP"},"server":"Apache\/2.4.57 (Debian)","ohrm":{"version":"5.6.1"}} [] []
[2024-04-17T21:45:52.087967+00:00] installer.INFO: set_time_limit: success [] []
[2024-04-17T21:45:58.515233+00:00] installer.INFO: Matched route "{route}". {"route":"api_installer_migration","route_parameters":{"_controller":"OrangeHRM\\Installer\\Controller\\Installer\\Api\\MigrationAPI::handle","_route":"api_installer_migration"},"request_uri":"http://localhost/installer/index.php/installer/api/installation/migration","method":"POST"} []
[2024-04-17T21:45:58.795384+00:00] installer.INFO: {"version":"5.6"} [] []
[2024-04-17T21:45:59.970275+00:00] installer.INFO: Instance details: {"os":{"os":"Linux","release_name":"5.15.146.1-microsoft-standard-WSL2","version_info":"#1 SMP Thu Jan 11 04:09:03 UTC 2024"},"php":{"version":"8.1.28"},"mysql":{"client_version":"mysqlnd 8.1.28","server_version":"8.3.0","conn_type":"db via TCP\/IP"},"server":"Apache\/2.4.57 (Debian)","ohrm":{"version":"5.6.1"}} [] []
[2024-04-17T21:46:00.173282+00:00] installer.INFO: set_time_limit: success [] []
[2024-04-17T21:46:06.106674+00:00] installer.INFO: Matched route "{route}". {"route":"api_installer_migration","route_parameters":{"_controller":"OrangeHRM\\Installer\\Controller\\Installer\\Api\\MigrationAPI::handle","_route":"api_installer_migration"},"request_uri":"http://localhost/installer/index.php/installer/api/installation/migration","method":"POST"} []
[2024-04-17T21:46:06.371109+00:00] installer.INFO: {"version":"5.6.1"} [] []
[2024-04-17T21:46:07.378052+00:00] installer.INFO: Instance details: {"os":{"os":"Linux","release_name":"5.15.146.1-microsoft-standard-WSL2","version_info":"#1 SMP Thu Jan 11 04:09:03 UTC 2024"},"php":{"version":"8.1.28"},"mysql":{"client_version":"mysqlnd 8.1.28","server_version":"8.3.0","conn_type":"db via TCP\/IP"},"server":"Apache\/2.4.57 (Debian)","ohrm":{"version":"5.6.1"}} [] []
[2024-04-17T21:46:07.547296+00:00] installer.INFO: set_time_limit: success [] []
[2024-04-17T21:46:11.219390+00:00] installer.INFO: Matched route "{route}". {"route":"api_installer_instance_creation","route_parameters":{"_controller":"OrangeHRM\\Installer\\Controller\\Installer\\Api\\InstallationInstanceAPI::handle","_route":"api_installer_instance_creation"},"request_uri":"http://localhost/installer/index.php/installer/api/installation/instance","method":"POST"} []
[2024-04-17T21:46:12.397109+00:00] installer.INFO: Instance details: {"os":{"os":"Linux","release_name":"5.15.146.1-microsoft-standard-WSL2","version_info":"#1 SMP Thu Jan 11 04:09:03 UTC 2024"},"php":{"version":"8.1.28"},"mysql":{"client_version":"mysqlnd 8.1.28","server_version":"8.3.0","conn_type":"db via TCP\/IP"},"server":"Apache\/2.4.57 (Debian)","ohrm":{"version":"5.6.1"}} [] []
[2024-04-17T21:46:15.816213+00:00] installer.INFO: Matched route "{route}". {"route":"api_installer_database_user","route_parameters":{"_controller":"OrangeHRM\\Installer\\Controller\\Installer\\Api\\InstallationDatabaseUserAPI::handle","_route":"api_installer_database_user"},"request_uri":"http://localhost/installer/index.php/installer/api/installation/database-user","method":"POST"} []
[2024-04-17T21:46:16.848268+00:00] installer.INFO: Instance details: {"os":{"os":"Linux","release_name":"5.15.146.1-microsoft-standard-WSL2","version_info":"#1 SMP Thu Jan 11 04:09:03 UTC 2024"},"php":{"version":"8.1.28"},"mysql":{"client_version":"mysqlnd 8.1.28","server_version":"8.3.0","conn_type":"db via TCP\/IP"},"server":"Apache\/2.4.57 (Debian)","ohrm":{"version":"5.6.1"}} [] []
[2024-04-17T21:46:20.498353+00:00] installer.INFO: Matched route "{route}". {"route":"api_installer_write_config","route_parameters":{"_controller":"OrangeHRM\\Installer\\Controller\\Installer\\Api\\ConfigFileAPI::handle","_route":"api_installer_write_config"},"request_uri":"http://localhost/installer/index.php/installer/api/installation/config-file","method":"POST"} []
[2024-04-17T21:46:40.425098+00:00] installer.INFO: Matched route "{route}". {"route":"installer_complete","route_parameters":{"_controller":"OrangeHRM\\Installer\\Controller\\Installer\\InstallerCompleteController::handle","_route":"installer_complete"},"request_uri":"http://localhost/installer/index.php/installer/complete","method":"GET"} []
[2024-04-17T21:46:40.857391+00:00] installer.INFO: OrangeHRM 5.6.1 status: true [] []
[2024-04-17T21:46:56.815502+00:00] installer.INFO: Matched route "{route}". {"route":"installer_home","route_parameters":{"_controller":"OrangeHRM\\Installer\\Controller\\HomeController::handle","_route":"installer_home"},"request_uri":"http://localhost/installer/index.php/","method":"GET"} []
